<?xml version="1.0" encoding="UTF-8"?>
<!-- Generated by org.testng.reporters.JUnitReportReporter -->
<testsuite hostname="pg00k2s3" name="TestCases1.Selenium1Test" tests="2" failures="0" timestamp="6 Jun 2019 14:15:36 GMT" time="0.000" errors="0">
  <testcase name="Seleniumweblogin" time="0.000" classname="TestCases1.Selenium1Test"/>
  <testcase name="Seleniumweblogout" time="0.000" classname="TestCases1.Selenium1Test"/>
</testsuite> <!-- TestCases1.Selenium1Test -->
