<?xml version="1.0" encoding="UTF-8"?>
<!-- Generated by org.testng.reporters.JUnitReportReporter -->
<testsuite hostname="pg00k2s3" name="TestCases1.Appium1Test" tests="2" failures="0" timestamp="6 Jun 2019 14:15:36 GMT" time="0.002" errors="0">
  <testcase name="Appiumweblogout" time="0.001" classname="TestCases1.Appium1Test"/>
  <testcase name="Appiumweblogin" time="0.001" classname="TestCases1.Appium1Test"/>
</testsuite> <!-- TestCases1.Appium1Test -->
